2023-02-10 12:06:52,911 - zoho_iot_sdk.ZohoIoTClient.ZohoIoTClient - INFO - Client connected to MQTT Broker! 79937niary.zohoiothub.com
2023-02-10 12:06:54,162 - zoho_iot_sdk.ZohoIoTClient.ZohoIoTClient - INFO - Message published successfully
2023-02-10 12:07:24,168 - zoho_iot_sdk.ZohoIoTClient.ZohoIoTClient - INFO - Message published successfully
2023-02-10 12:07:45,043 - zoho_iot_sdk.ZohoIoTClient.ZohoIoTClient - INFO - Message published successfully
2023-02-10 12:07:54,177 - zoho_iot_sdk.ZohoIoTClient.ZohoIoTClient - INFO - Message published successfully
2023-02-10 12:08:24,185 - zoho_iot_sdk.ZohoIoTClient.ZohoIoTClient - INFO - Message published successfully
2023-02-10 12:08:42,243 - zoho_iot_sdk.ZohoIoTClient.ZohoIoTClient - INFO - Client disconnected
2023-02-10 12:08:42,403 - zoho_iot_sdk.ZohoIoTClient.ZohoIoTClient - DEBUG - Client is Initialized
2023-02-10 12:08:42,403 - zoho_iot_sdk.ZohoIoTClient.ZohoIoTClient - DEBUG - trying to  connect..
2023-02-10 12:08:42,406 - zoho_iot_sdk.ZohoIoTClient.ZohoIoTClient - DEBUG - Connecting..
2023-02-10 12:08:44,124 - zoho_iot_sdk.ZohoIoTClient.ZohoIoTClient - INFO - Client connected to MQTT Broker! 79937niary.zohoiothub.com
2023-02-10 12:08:44,488 - zoho_iot_sdk.ZohoIoTClient.ZohoIoTClient - DEBUG - Subscribed to topic:/devices/321000000167145/commands
2023-02-10 12:08:44,805 - zoho_iot_sdk.ZohoIoTClient.ZohoIoTClient - DEBUG - Subscribed to topic:/devices/321000000167145/configsettings
2023-02-10 12:08:44,806 - zoho_iot_sdk.ZohoIoTClient.ZohoIoTClient - INFO - Message published successfully
2023-02-10 12:08:44,806 - zoho_iot_sdk.ZohoIoTClient.ZohoIoTClient - DEBUG - Message :{"temperature": 35, "humidity": 70} , topic :/devices/321000000167145/telemetry
2023-02-10 12:08:53,732 - zoho_iot_sdk.ZohoIoTClient.ZohoIoTClient - DEBUG - Message:b'[{"payload":[{"edge_command_key":"${temperature}","value":"on"}],"command_name":"light","correlation_id":"95c1d2d0-a90d-11ed-9187-5354005d2854"}]' ,Received on Topic:/devices/321000000167145/commands 
2023-02-10 12:08:53,736 - zoho_iot_sdk.ZohoIoTClient.ZohoIoTClient - INFO - Message published successfully
2023-02-10 12:08:53,736 - zoho_iot_sdk.ZohoIoTClient.ZohoIoTClient - DEBUG - Message :{"95c1d2d0-a90d-11ed-9187-5354005d2854": {"status_code": 1000, "response": ""}} , topic :/devices/321000000167145/commands/ack
2023-02-10 12:09:14,810 - zoho_iot_sdk.ZohoIoTClient.ZohoIoTClient - INFO - Message published successfully
2023-02-10 12:09:14,814 - zoho_iot_sdk.ZohoIoTClient.ZohoIoTClient - DEBUG - Message :{"temperature": 35, "humidity": 70} , topic :/devices/321000000167145/telemetry
2023-02-10 12:09:44,821 - zoho_iot_sdk.ZohoIoTClient.ZohoIoTClient - INFO - Message published successfully
2023-02-10 12:09:44,823 - zoho_iot_sdk.ZohoIoTClient.ZohoIoTClient - DEBUG - Message :{"temperature": 35, "humidity": 70} , topic :/devices/321000000167145/telemetry
2023-02-10 12:10:14,828 - zoho_iot_sdk.ZohoIoTClient.ZohoIoTClient - INFO - Message published successfully
2023-02-10 12:10:14,828 - zoho_iot_sdk.ZohoIoTClient.ZohoIoTClient - DEBUG - Message :{"temperature": 35, "humidity": 70} , topic :/devices/321000000167145/telemetry
2023-02-10 12:10:38,828 - zoho_iot_sdk.ZohoIoTClient.ZohoIoTClient - DEBUG - Message:b'[{"payload":[{"edge_command_key":"${temperature}","value":"on"}],"command_name":"light","correlation_id":"d466f6a0-a90d-11ed-9187-5354005d2854"}]' ,Received on Topic:/devices/321000000167145/commands 
2023-02-10 12:10:38,832 - zoho_iot_sdk.ZohoIoTClient.ZohoIoTClient - INFO - Message published successfully
2023-02-10 12:10:38,832 - zoho_iot_sdk.ZohoIoTClient.ZohoIoTClient - DEBUG - Message :{"d466f6a0-a90d-11ed-9187-5354005d2854": {"status_code": 1000, "response": ""}} , topic :/devices/321000000167145/commands/ack
2023-02-10 12:10:44,835 - zoho_iot_sdk.ZohoIoTClient.ZohoIoTClient - INFO - Message published successfully
2023-02-10 12:10:44,835 - zoho_iot_sdk.ZohoIoTClient.ZohoIoTClient - DEBUG - Message :{"temperature": 35, "humidity": 70} , topic :/devices/321000000167145/telemetry
2023-02-10 12:11:14,841 - zoho_iot_sdk.ZohoIoTClient.ZohoIoTClient - INFO - Message published successfully
2023-02-10 12:11:14,842 - zoho_iot_sdk.ZohoIoTClient.ZohoIoTClient - DEBUG - Message :{"temperature": 35, "humidity": 70} , topic :/devices/321000000167145/telemetry
2023-02-10 12:11:44,848 - zoho_iot_sdk.ZohoIoTClient.ZohoIoTClient - INFO - Message published successfully
2023-02-10 12:11:44,849 - zoho_iot_sdk.ZohoIoTClient.ZohoIoTClient - DEBUG - Message :{"temperature": 35, "humidity": 70} , topic :/devices/321000000167145/telemetry
2023-02-10 12:12:04,939 - zoho_iot_sdk.ZohoIoTClient.ZohoIoTClient - INFO - Client disconnected
2023-02-10 12:12:05,211 - zoho_iot_sdk.ZohoIoTClient.ZohoIoTClient - DEBUG - Client is Initialized
2023-02-10 12:12:05,211 - zoho_iot_sdk.ZohoIoTClient.ZohoIoTClient - DEBUG - trying to  connect..
2023-02-10 12:12:05,214 - zoho_iot_sdk.ZohoIoTClient.ZohoIoTClient - DEBUG - Connecting..
2023-02-10 12:12:07,794 - zoho_iot_sdk.ZohoIoTClient.ZohoIoTClient - INFO - Client connected to MQTT Broker! 79937niary.zohoiothub.com
2023-02-10 12:12:08,318 - zoho_iot_sdk.ZohoIoTClient.ZohoIoTClient - DEBUG - Subscribed to topic:/devices/321000000167145/commands
2023-02-10 12:12:08,840 - zoho_iot_sdk.ZohoIoTClient.ZohoIoTClient - DEBUG - Subscribed to topic:/devices/321000000167145/configsettings
2023-02-10 12:12:08,841 - zoho_iot_sdk.ZohoIoTClient.ZohoIoTClient - INFO - Message published successfully
2023-02-10 12:12:08,843 - zoho_iot_sdk.ZohoIoTClient.ZohoIoTClient - DEBUG - Message :{"temperature": 35, "humidity": 70} , topic :/devices/321000000167145/telemetry
2023-02-10 12:12:18,823 - zoho_iot_sdk.ZohoIoTClient.ZohoIoTClient - INFO - Message Received
2023-02-10 12:12:18,828 - zoho_iot_sdk.ZohoIoTClient.ZohoIoTClient - DEBUG - Message:b'[{"payload":[{"edge_command_key":"${temperature}","value":"on"}],"command_name":"light","correlation_id":"104cfa70-a90e-11ed-9187-5354005d2854"}]' ,Topic:/devices/321000000167145/commands 
2023-02-10 12:12:18,830 - zoho_iot_sdk.ZohoIoTClient.ZohoIoTClient - INFO - Message published successfully
2023-02-10 12:12:18,830 - zoho_iot_sdk.ZohoIoTClient.ZohoIoTClient - DEBUG - Message :{"104cfa70-a90e-11ed-9187-5354005d2854": {"status_code": 1000, "response": ""}} , topic :/devices/321000000167145/commands/ack
2023-02-10 12:12:19,837 - zoho_iot_sdk.ZohoIoTClient.ZohoIoTClient - INFO - Message published successfully
2023-02-10 12:12:19,837 - zoho_iot_sdk.ZohoIoTClient.ZohoIoTClient - DEBUG - Message :{"104cfa70-a90e-11ed-9187-5354005d2854": {"status_code": 1001, "response": "Command based task Executed."}} , topic :/devices/321000000167145/commands/ack
2023-02-10 12:12:38,849 - zoho_iot_sdk.ZohoIoTClient.ZohoIoTClient - INFO - Message published successfully
2023-02-10 12:12:38,849 - zoho_iot_sdk.ZohoIoTClient.ZohoIoTClient - DEBUG - Message :{"temperature": 35, "humidity": 70} , topic :/devices/321000000167145/telemetry
2023-02-10 12:13:08,855 - zoho_iot_sdk.ZohoIoTClient.ZohoIoTClient - INFO - Message published successfully
2023-02-10 12:13:08,856 - zoho_iot_sdk.ZohoIoTClient.ZohoIoTClient - DEBUG - Message :{"temperature": 35, "humidity": 70} , topic :/devices/321000000167145/telemetry
2023-02-10 12:13:21,901 - zoho_iot_sdk.ZohoIoTClient.ZohoIoTClient - INFO - Client disconnected
2023-02-10 12:20:36,108 - zoho_iot_sdk.ZohoIoTClient.ZohoIoTClient - INFO - Client connected to MQTT Broker! 79937niary.zohoiothub.com
2023-02-10 12:20:36,852 - zoho_iot_sdk.ZohoIoTClient.ZohoIoTClient - INFO - Message published successfully
2023-02-10 12:21:06,858 - zoho_iot_sdk.ZohoIoTClient.ZohoIoTClient - INFO - Message published successfully
2023-02-10 12:21:36,868 - zoho_iot_sdk.ZohoIoTClient.ZohoIoTClient - INFO - Message published successfully
2023-02-10 12:22:06,875 - zoho_iot_sdk.ZohoIoTClient.ZohoIoTClient - INFO - Message published successfully
2023-02-10 12:22:36,882 - zoho_iot_sdk.ZohoIoTClient.ZohoIoTClient - INFO - Message published successfully
2023-02-10 12:23:06,898 - zoho_iot_sdk.ZohoIoTClient.ZohoIoTClient - INFO - Message published successfully
2023-02-10 12:23:26,988 - zoho_iot_sdk.ZohoIoTClient.ZohoIoTClient - INFO - Client disconnected
2023-02-10 12:23:34,872 - zoho_iot_sdk.ZohoIoTClient.ZohoIoTClient - INFO - Client connected to MQTT Broker! 79937niary.zohoiothub.com
2023-02-10 12:23:35,693 - zoho_iot_sdk.ZohoIoTClient.ZohoIoTClient - INFO - Message published successfully
2023-02-10 12:24:05,697 - zoho_iot_sdk.ZohoIoTClient.ZohoIoTClient - INFO - Message published successfully
2023-02-10 12:24:06,110 - zoho_iot_sdk.ZohoIoTClient.ZohoIoTClient - INFO - Message Received
2023-02-10 12:24:06,113 - zoho_iot_sdk.ZohoIoTClient.ZohoIoTClient - INFO - Message published successfully
2023-02-10 12:24:35,700 - zoho_iot_sdk.ZohoIoTClient.ZohoIoTClient - INFO - Message published successfully
2023-02-10 12:24:41,723 - zoho_iot_sdk.ZohoIoTClient.ZohoIoTClient - INFO - Client disconnected
2023-02-10 12:24:43,600 - zoho_iot_sdk.ZohoIoTClient.ZohoIoTClient - INFO - Client connected to MQTT Broker! 79937niary.zohoiothub.com
2023-02-10 12:24:44,242 - zoho_iot_sdk.ZohoIoTClient.ZohoIoTClient - INFO - Message published successfully
2023-02-10 12:24:59,579 - zoho_iot_sdk.ZohoIoTClient.ZohoIoTClient - INFO - Message Received
2023-02-10 12:24:59,586 - zoho_iot_sdk.ZohoIoTClient.ZohoIoTClient - INFO - Message published successfully
2023-02-10 12:25:14,248 - zoho_iot_sdk.ZohoIoTClient.ZohoIoTClient - INFO - Message published successfully
2023-02-10 12:25:44,254 - zoho_iot_sdk.ZohoIoTClient.ZohoIoTClient - INFO - Message published successfully
2023-02-10 12:26:14,256 - zoho_iot_sdk.ZohoIoTClient.ZohoIoTClient - INFO - Message published successfully
2023-02-10 12:26:44,257 - zoho_iot_sdk.ZohoIoTClient.ZohoIoTClient - INFO - Message published successfully
2023-02-10 12:27:14,259 - zoho_iot_sdk.ZohoIoTClient.ZohoIoTClient - INFO - Message published successfully
2023-02-10 12:27:44,266 - zoho_iot_sdk.ZohoIoTClient.ZohoIoTClient - INFO - Message published successfully
2023-02-10 12:28:14,273 - zoho_iot_sdk.ZohoIoTClient.ZohoIoTClient - INFO - Message published successfully
2023-02-10 12:28:24,304 - zoho_iot_sdk.ZohoIoTClient.ZohoIoTClient - INFO - Client disconnected
2023-02-10 12:28:26,719 - zoho_iot_sdk.ZohoIoTClient.ZohoIoTClient - INFO - Client connected to MQTT Broker! 79937niary.zohoiothub.com
2023-02-10 12:28:27,308 - zoho_iot_sdk.ZohoIoTClient.ZohoIoTClient - INFO - Message published successfully
2023-02-10 12:28:57,314 - zoho_iot_sdk.ZohoIoTClient.ZohoIoTClient - INFO - Message published successfully
2023-02-10 12:28:59,325 - zoho_iot_sdk.ZohoIoTClient.ZohoIoTClient - INFO - Client disconnected
2023-02-10 12:29:02,410 - zoho_iot_sdk.ZohoIoTClient.ZohoIoTClient - INFO - Client connected to MQTT Broker! 79937niary.zohoiothub.com
2023-02-10 12:29:04,307 - zoho_iot_sdk.ZohoIoTClient.ZohoIoTClient - INFO - Message published successfully
2023-02-10 12:29:22,648 - zoho_iot_sdk.ZohoIoTClient.ZohoIoTClient - INFO - Message Received
2023-02-10 12:29:22,649 - zoho_iot_sdk.ZohoIoTClient.ZohoIoTClient - INFO - Message published successfully
2023-02-10 12:29:23,666 - zoho_iot_sdk.ZohoIoTClient.ZohoIoTClient - ERROR - Invalid status code
2023-02-10 12:29:34,315 - zoho_iot_sdk.ZohoIoTClient.ZohoIoTClient - INFO - Message published successfully
2023-02-10 12:30:04,322 - zoho_iot_sdk.ZohoIoTClient.ZohoIoTClient - INFO - Message published successfully
2023-02-10 12:30:34,325 - zoho_iot_sdk.ZohoIoTClient.ZohoIoTClient - INFO - Message published successfully
2023-02-10 12:31:04,332 - zoho_iot_sdk.ZohoIoTClient.ZohoIoTClient - INFO - Message published successfully
2023-02-10 12:31:16,389 - zoho_iot_sdk.ZohoIoTClient.ZohoIoTClient - INFO - Client disconnected
2023-02-10 12:31:19,272 - zoho_iot_sdk.ZohoIoTClient.ZohoIoTClient - INFO - Client connected to MQTT Broker! 79937niary.zohoiothub.com
2023-02-10 12:31:19,894 - zoho_iot_sdk.ZohoIoTClient.ZohoIoTClient - INFO - Message published successfully
2023-02-10 12:31:35,017 - zoho_iot_sdk.ZohoIoTClient.ZohoIoTClient - INFO - Message Received
2023-02-10 12:31:35,018 - zoho_iot_sdk.ZohoIoTClient.ZohoIoTClient - INFO - Message published successfully
2023-02-10 12:31:49,903 - zoho_iot_sdk.ZohoIoTClient.ZohoIoTClient - INFO - Message published successfully
2023-02-10 12:32:19,908 - zoho_iot_sdk.ZohoIoTClient.ZohoIoTClient - INFO - Message published successfully
2023-02-10 12:32:49,911 - zoho_iot_sdk.ZohoIoTClient.ZohoIoTClient - INFO - Message published successfully
2023-02-10 12:33:19,912 - zoho_iot_sdk.ZohoIoTClient.ZohoIoTClient - INFO - Message published successfully
2023-02-10 12:33:49,918 - zoho_iot_sdk.ZohoIoTClient.ZohoIoTClient - INFO - Message published successfully
2023-02-10 12:34:01,977 - zoho_iot_sdk.ZohoIoTClient.ZohoIoTClient - INFO - Client disconnected
2023-02-10 12:34:04,424 - zoho_iot_sdk.ZohoIoTClient.ZohoIoTClient - INFO - Client connected to MQTT Broker! 79937niary.zohoiothub.com
2023-02-10 12:34:05,099 - zoho_iot_sdk.ZohoIoTClient.ZohoIoTClient - INFO - Message published successfully
2023-02-10 12:34:21,763 - zoho_iot_sdk.ZohoIoTClient.ZohoIoTClient - INFO - Message Received
2023-02-10 12:34:21,767 - zoho_iot_sdk.ZohoIoTClient.ZohoIoTClient - INFO - Message published successfully
2023-02-10 12:34:35,105 - zoho_iot_sdk.ZohoIoTClient.ZohoIoTClient - INFO - Message published successfully
2023-02-10 12:35:05,107 - zoho_iot_sdk.ZohoIoTClient.ZohoIoTClient - INFO - Message published successfully
2023-02-10 12:35:35,118 - zoho_iot_sdk.ZohoIoTClient.ZohoIoTClient - INFO - Message published successfully
2023-02-10 12:35:51,184 - zoho_iot_sdk.ZohoIoTClient.ZohoIoTClient - INFO - Client disconnected
2023-02-10 12:35:53,485 - zoho_iot_sdk.ZohoIoTClient.ZohoIoTClient - INFO - Client connected to MQTT Broker! 79937niary.zohoiothub.com
2023-02-10 12:35:54,191 - zoho_iot_sdk.ZohoIoTClient.ZohoIoTClient - INFO - Message published successfully
2023-02-10 12:36:24,196 - zoho_iot_sdk.ZohoIoTClient.ZohoIoTClient - INFO - Message published successfully
2023-02-10 12:36:46,278 - zoho_iot_sdk.ZohoIoTClient.ZohoIoTClient - INFO - Client disconnected
2023-02-10 12:38:17,052 - zoho_iot_sdk.ZohoIoTClient.ZohoIoTClient - INFO - Client connected to MQTT Broker! 79937niary.zohoiothub.com
2023-02-10 12:38:18,083 - zoho_iot_sdk.ZohoIoTClient.ZohoIoTClient - INFO - Message published successfully
2023-02-10 12:38:36,624 - zoho_iot_sdk.ZohoIoTClient.ZohoIoTClient - INFO - Message Received
2023-02-10 12:38:36,631 - zoho_iot_sdk.ZohoIoTClient.ZohoIoTClient - INFO - Message published successfully
2023-02-10 12:38:37,634 - zoho_iot_sdk.ZohoIoTClient.ZohoIoTClient - INFO - Message published successfully
2023-02-10 12:38:48,089 - zoho_iot_sdk.ZohoIoTClient.ZohoIoTClient - INFO - Message published successfully
2023-02-10 12:39:18,092 - zoho_iot_sdk.ZohoIoTClient.ZohoIoTClient - INFO - Message published successfully
2023-02-10 12:39:24,946 - zoho_iot_sdk.ZohoIoTClient.ZohoIoTClient - INFO - Message Received
2023-02-10 12:39:24,947 - zoho_iot_sdk.ZohoIoTClient.ZohoIoTClient - INFO - Message published successfully
2023-02-10 12:39:25,950 - zoho_iot_sdk.ZohoIoTClient.ZohoIoTClient - INFO - Message published successfully
2023-02-10 12:39:48,099 - zoho_iot_sdk.ZohoIoTClient.ZohoIoTClient - INFO - Message published successfully
2023-02-10 12:40:18,106 - zoho_iot_sdk.ZohoIoTClient.ZohoIoTClient - INFO - Message published successfully
2023-02-10 12:40:31,158 - zoho_iot_sdk.ZohoIoTClient.ZohoIoTClient - INFO - Client disconnected
2023-02-10 12:40:31,414 - zoho_iot_sdk.ZohoIoTClient.ZohoIoTClient - DEBUG - Client is Initialized
2023-02-10 12:40:31,414 - zoho_iot_sdk.ZohoIoTClient.ZohoIoTClient - DEBUG - trying to  connect..
2023-02-10 12:40:31,417 - zoho_iot_sdk.ZohoIoTClient.ZohoIoTClient - DEBUG - Connecting..
2023-02-10 12:40:34,094 - zoho_iot_sdk.ZohoIoTClient.ZohoIoTClient - INFO - Client connected to MQTT Broker! 79937niary.zohoiothub.com
2023-02-10 12:40:34,605 - zoho_iot_sdk.ZohoIoTClient.ZohoIoTClient - DEBUG - Subscribed to topic:/devices/321000000167145/commands
2023-02-10 12:40:35,135 - zoho_iot_sdk.ZohoIoTClient.ZohoIoTClient - DEBUG - Subscribed to topic:/devices/321000000167145/configsettings
2023-02-10 12:40:35,135 - zoho_iot_sdk.ZohoIoTClient.ZohoIoTClient - INFO - Message published successfully
2023-02-10 12:40:35,136 - zoho_iot_sdk.ZohoIoTClient.ZohoIoTClient - DEBUG - Message :{"temperature": 35, "humidity": 70} , topic :/devices/321000000167145/telemetry
2023-02-10 12:40:46,948 - zoho_iot_sdk.ZohoIoTClient.ZohoIoTClient - INFO - Message Received
2023-02-10 12:40:46,954 - zoho_iot_sdk.ZohoIoTClient.ZohoIoTClient - DEBUG - Message:b'[{"payload":[{"modbus":{"key":"50"}}],"correlation_id":"09f21940-a912-11ed-9187-5354005d2854"}]' ,Topic:/devices/321000000167145/configsettings 
2023-02-10 12:40:46,956 - zoho_iot_sdk.ZohoIoTClient.ZohoIoTClient - INFO - Message published successfully
2023-02-10 12:40:46,956 - zoho_iot_sdk.ZohoIoTClient.ZohoIoTClient - DEBUG - Message :{"09f21940-a912-11ed-9187-5354005d2854": {"status_code": 1000, "response": ""}} , topic :/devices/321000000167145/configsettings/ack
2023-02-10 12:40:47,959 - zoho_iot_sdk.ZohoIoTClient.ZohoIoTClient - INFO - Message published successfully
2023-02-10 12:40:47,959 - zoho_iot_sdk.ZohoIoTClient.ZohoIoTClient - DEBUG - Message :{"09f21940-a912-11ed-9187-5354005d2854": {"status_code": 1001, "response": "Config Executed."}} , topic :/devices/321000000167145/configsettings/ack
2023-02-10 12:41:05,143 - zoho_iot_sdk.ZohoIoTClient.ZohoIoTClient - INFO - Message published successfully
2023-02-10 12:41:05,145 - zoho_iot_sdk.ZohoIoTClient.ZohoIoTClient - DEBUG - Message :{"temperature": 35, "humidity": 70} , topic :/devices/321000000167145/telemetry
2023-02-10 12:41:21,380 - zoho_iot_sdk.ZohoIoTClient.ZohoIoTClient - INFO - Message Received
2023-02-10 12:41:21,382 - zoho_iot_sdk.ZohoIoTClient.ZohoIoTClient - DEBUG - Message:b'[{"payload":[{"edge_command_key":"${temperature}","value":"on"}],"command_name":"light","correlation_id":"1ec81d10-a912-11ed-9187-5354005d2854"}]' ,Topic:/devices/321000000167145/commands 
2023-02-10 12:41:21,384 - zoho_iot_sdk.ZohoIoTClient.ZohoIoTClient - INFO - Message published successfully
2023-02-10 12:41:21,384 - zoho_iot_sdk.ZohoIoTClient.ZohoIoTClient - DEBUG - Message :{"1ec81d10-a912-11ed-9187-5354005d2854": {"status_code": 1000, "response": ""}} , topic :/devices/321000000167145/commands/ack
2023-02-10 12:41:22,390 - zoho_iot_sdk.ZohoIoTClient.ZohoIoTClient - INFO - Message published successfully
2023-02-10 12:41:22,390 - zoho_iot_sdk.ZohoIoTClient.ZohoIoTClient - DEBUG - Message :{"1ec81d10-a912-11ed-9187-5354005d2854": {"status_code": 1001, "response": "Command based task Executed."}} , topic :/devices/321000000167145/commands/ack
2023-02-10 12:41:35,151 - zoho_iot_sdk.ZohoIoTClient.ZohoIoTClient - INFO - Message published successfully
2023-02-10 12:41:35,152 - zoho_iot_sdk.ZohoIoTClient.ZohoIoTClient - DEBUG - Message :{"temperature": 35, "humidity": 70} , topic :/devices/321000000167145/telemetry
2023-02-10 12:42:05,172 - zoho_iot_sdk.ZohoIoTClient.ZohoIoTClient - INFO - Message published successfully
2023-02-10 12:42:05,173 - zoho_iot_sdk.ZohoIoTClient.ZohoIoTClient - DEBUG - Message :{"temperature": 35, "humidity": 70} , topic :/devices/321000000167145/telemetry
2023-02-10 12:42:35,189 - zoho_iot_sdk.ZohoIoTClient.ZohoIoTClient - INFO - Message published successfully
2023-02-10 12:42:35,190 - zoho_iot_sdk.ZohoIoTClient.ZohoIoTClient - DEBUG - Message :{"temperature": 35, "humidity": 70} , topic :/devices/321000000167145/telemetry
2023-02-10 12:43:05,192 - zoho_iot_sdk.ZohoIoTClient.ZohoIoTClient - INFO - Message published successfully
2023-02-10 12:43:05,193 - zoho_iot_sdk.ZohoIoTClient.ZohoIoTClient - DEBUG - Message :{"temperature": 35, "humidity": 70} , topic :/devices/321000000167145/telemetry
2023-02-10 12:43:33,708 - zoho_iot_sdk.ZohoIoTClient.ZohoIoTClient - INFO - Client disconnected
2023-02-10 12:43:48,748 - zoho_iot_sdk.ZohoIoTClient.ZohoIoTClient - DEBUG - Client is Initialized
2023-02-10 12:43:48,748 - zoho_iot_sdk.ZohoIoTClient.ZohoIoTClient - DEBUG - trying to  connect..
2023-02-10 12:43:48,751 - zoho_iot_sdk.ZohoIoTClient.ZohoIoTClient - DEBUG - Connecting..
2023-02-10 12:43:50,857 - zoho_iot_sdk.ZohoIoTClient.ZohoIoTClient - INFO - Client connected to MQTT Broker! 79937niary.zohoiothub.com
2023-02-10 12:43:51,230 - zoho_iot_sdk.ZohoIoTClient.ZohoIoTClient - DEBUG - Subscribed to topic:/devices/321000000167145/commands
2023-02-10 12:43:51,535 - zoho_iot_sdk.ZohoIoTClient.ZohoIoTClient - DEBUG - Subscribed to topic:/devices/321000000167145/configsettings
2023-02-10 12:43:51,537 - zoho_iot_sdk.ZohoIoTClient.ZohoIoTClient - INFO - Message published successfully
2023-02-10 12:43:51,537 - zoho_iot_sdk.ZohoIoTClient.ZohoIoTClient - DEBUG - Message :{"temperature": 35, "humidity": 70} , topic :/devices/321000000167145/telemetry
2023-02-10 12:43:56,559 - zoho_iot_sdk.ZohoIoTClient.ZohoIoTClient - INFO - Client disconnected
