2023-02-10 12:47:26,133 - zoho_iot_sdk.ZohoIoTClient.ZohoIoTClient - DEBUG - Configuration data:{'ENABLE_TLS': True, 'USE_CLIENT_CERTS': True, 'CA_CRT': 'basicTLS_WithCA/ZohoIoTServerRootCA.pem', 'CLIENT_CRT': 'basicTLS_WithCA/pythonsdk.cert.pem', 'CLIENT_KEY': 'basicTLS_WithCA/pythonsdk.private.key', 'MQTT_USERNAME': '/79937niary.zohoiothub.com/v1/devices/321000000167145/connect', 'MQTT_PASSWORD': None, 'LOG_LEVEL': 'DEBUG', 'LOG_FILENAME': 'NEW.log'}
2023-02-10 12:47:26,133 - zoho_iot_sdk.ZohoIoTClient.ZohoIoTClient - DEBUG - Client is Initialized
2023-02-10 12:47:26,133 - zoho_iot_sdk.ZohoIoTClient.ZohoIoTClient - DEBUG - trying to  connect..
2023-02-10 12:47:26,136 - zoho_iot_sdk.ZohoIoTClient.ZohoIoTClient - DEBUG - Connecting..
2023-02-10 12:47:28,064 - zoho_iot_sdk.ZohoIoTClient.ZohoIoTClient - INFO - Client connected to MQTT Broker! 79937niary.zohoiothub.com
2023-02-10 12:47:28,395 - zoho_iot_sdk.ZohoIoTClient.ZohoIoTClient - DEBUG - Subscribed to topic:/devices/321000000167145/commands
2023-02-10 12:47:28,884 - zoho_iot_sdk.ZohoIoTClient.ZohoIoTClient - DEBUG - Subscribed to topic:/devices/321000000167145/configsettings
2023-02-10 12:47:28,885 - zoho_iot_sdk.ZohoIoTClient.ZohoIoTClient - INFO - Message published successfully
2023-02-10 12:47:28,885 - zoho_iot_sdk.ZohoIoTClient.ZohoIoTClient - DEBUG - Message :{"eventType": "ALARM", "eventDescription": "Critical Temperature", "eventData": {"temperature": 45, "humidity": 20}} , topic :/devices/321000000167145/telemetry
2023-02-10 12:47:29,895 - zoho_iot_sdk.ZohoIoTClient.ZohoIoTClient - INFO - Client disconnected
2023-02-10 12:50:33,012 - zoho_iot_sdk.ZohoIoTClient.ZohoIoTClient - DEBUG - Configuration data:{'ENABLE_TLS': True, 'USE_CLIENT_CERTS': True, 'CA_CRT': 'basicTLS_WithCA/ZohoIoTServerRootCA.pem', 'CLIENT_CRT': 'basicTLS_WithCA/pythonsdk.cert.pem', 'CLIENT_KEY': 'basicTLS_WithCA/pythonsdk.private.key', 'MQTT_USERNAME': '/79937niary.zohoiothub.com/v1/devices/321000000167145/connect', 'MQTT_PASSWORD': None, 'LOG_LEVEL': 'DEBUG', 'LOG_FILENAME': 'NEW.log'}
2023-02-10 12:50:33,013 - zoho_iot_sdk.ZohoIoTClient.ZohoIoTClient - DEBUG - Client is Initialized
2023-02-10 12:50:33,013 - zoho_iot_sdk.ZohoIoTClient.ZohoIoTClient - DEBUG - trying to  connect..
2023-02-10 12:50:33,016 - zoho_iot_sdk.ZohoIoTClient.ZohoIoTClient - DEBUG - Connecting..
2023-02-10 12:50:35,085 - zoho_iot_sdk.ZohoIoTClient.ZohoIoTClient - INFO - Client connected to MQTT Broker! 79937niary.zohoiothub.com
2023-02-10 12:50:35,407 - zoho_iot_sdk.ZohoIoTClient.ZohoIoTClient - DEBUG - Subscribed to topic:/devices/321000000167145/commands
2023-02-10 12:50:35,749 - zoho_iot_sdk.ZohoIoTClient.ZohoIoTClient - DEBUG - Subscribed to topic:/devices/321000000167145/configsettings
2023-02-10 12:50:35,753 - zoho_iot_sdk.ZohoIoTClient.ZohoIoTClient - INFO - Message published successfully
2023-02-10 12:50:35,753 - zoho_iot_sdk.ZohoIoTClient.ZohoIoTClient - DEBUG - Message :{"eventType": "ALARM", "eventDescription": "Critical Temperature", "eventData": {"temperature": 45, "humidity": 20}} , topic :/devices/321000000167145/telemetry
2023-02-10 12:51:01,113 - zoho_iot_sdk.ZohoIoTClient.ZohoIoTClient - INFO - Message Received
2023-02-10 12:51:01,114 - zoho_iot_sdk.ZohoIoTClient.ZohoIoTClient - DEBUG - Message:b'[{"payload":[{"edge_command_key":"${temperature}","value":"off"}],"command_name":"light","correlation_id":"781aabc0-a913-11ed-9187-5354005d2854"}]' ,Topic:/devices/321000000167145/commands 
2023-02-10 12:51:01,114 - zoho_iot_sdk.ZohoIoTClient.ZohoIoTClient - INFO - Message published successfully
2023-02-10 12:51:01,115 - zoho_iot_sdk.ZohoIoTClient.ZohoIoTClient - DEBUG - Message :{"781aabc0-a913-11ed-9187-5354005d2854": {"status_code": 1000, "response": ""}} , topic :/devices/321000000167145/commands/ack
2023-02-10 12:51:02,121 - zoho_iot_sdk.ZohoIoTClient.ZohoIoTClient - INFO - Message published successfully
2023-02-10 12:51:02,121 - zoho_iot_sdk.ZohoIoTClient.ZohoIoTClient - DEBUG - Message :{"781aabc0-a913-11ed-9187-5354005d2854": {"status_code": 1001, "response": "Command based task Executed."}} , topic :/devices/321000000167145/commands/ack
2023-02-10 12:51:05,759 - zoho_iot_sdk.ZohoIoTClient.ZohoIoTClient - INFO - Message published successfully
2023-02-10 12:51:05,759 - zoho_iot_sdk.ZohoIoTClient.ZohoIoTClient - DEBUG - Message :{"eventType": "ALARM", "eventDescription": "Critical Temperature", "eventData": {"temperature": 45, "humidity": 20}} , topic :/devices/321000000167145/telemetry
2023-02-10 12:51:35,767 - zoho_iot_sdk.ZohoIoTClient.ZohoIoTClient - INFO - Message published successfully
2023-02-10 12:51:35,768 - zoho_iot_sdk.ZohoIoTClient.ZohoIoTClient - DEBUG - Message :{"eventType": "ALARM", "eventDescription": "Critical Temperature", "eventData": {"temperature": 45, "humidity": 20}} , topic :/devices/321000000167145/telemetry
2023-02-10 12:51:44,804 - zoho_iot_sdk.ZohoIoTClient.ZohoIoTClient - INFO - Client disconnected
2023-02-10 13:06:41,997 - zoho_iot_sdk.ZohoIoTClient.ZohoIoTClient - DEBUG - Configuration data:{'ENABLE_TLS': True, 'USE_CLIENT_CERTS': True, 'CA_CRT': 'basicTLS_WithCA/ZohoIoTServerRootCA.pem', 'CLIENT_CRT': 'basicTLS_WithCA/pythonsdk.cert.pem', 'CLIENT_KEY': 'basicTLS_WithCA/pythonsdk.private.key', 'MQTT_USERNAME': '/79937niary.zohoiothub.com/v1/devices/321000000167145/connect', 'MQTT_PASSWORD': None, 'LOG_LEVEL': 'DEBUG', 'LOG_FILENAME': 'NEW.log'}
2023-02-10 13:06:41,998 - zoho_iot_sdk.ZohoIoTClient.ZohoIoTClient - DEBUG - Client is Initialized
2023-02-10 13:06:41,998 - zoho_iot_sdk.ZohoIoTClient.ZohoIoTClient - DEBUG - trying to  connect..
2023-02-10 13:06:42,002 - zoho_iot_sdk.ZohoIoTClient.ZohoIoTClient - DEBUG - Connecting..
2023-02-10 13:06:43,885 - zoho_iot_sdk.ZohoIoTClient.ZohoIoTClient - INFO - Client connected to MQTT Broker! 79937niary.zohoiothub.com
2023-02-10 13:06:44,344 - zoho_iot_sdk.ZohoIoTClient.ZohoIoTClient - DEBUG - Subscribed to topic:/devices/321000000167145/commands
2023-02-10 13:06:44,581 - zoho_iot_sdk.ZohoIoTClient.ZohoIoTClient - DEBUG - Subscribed to topic:/devices/321000000167145/configsettings
2023-02-10 13:06:44,582 - zoho_iot_sdk.ZohoIoTClient.ZohoIoTClient - INFO - Message published successfully
2023-02-10 13:06:44,582 - zoho_iot_sdk.ZohoIoTClient.ZohoIoTClient - DEBUG - Message :{"eventType": "ALARM", "eventDescription": "Critical Temperature", "eventData": {"temperature": 45, "humidity": 20}} , topic :/devices/321000000167145/telemetry
2023-02-10 13:06:50,608 - zoho_iot_sdk.ZohoIoTClient.ZohoIoTClient - INFO - Client disconnected
2023-02-10 15:34:13,404 - zoho_iot_sdk.ZohoIoTClient.ZohoIoTClient - DEBUG - Configuration data:{'ENABLE_TLS': True, 'USE_CLIENT_CERTS': True, 'CA_CRT': 'basicTLS_WithCA/ZohoIoTServerRootCA.pem', 'CLIENT_CRT': 'basicTLS_WithCA/pythonsdk.cert.pem', 'CLIENT_KEY': 'basicTLS_WithCA/pythonsdk.private.key', 'MQTT_USERNAME': '/79937niary.zohoiothub.com/v1/devices/321000000167145/connect', 'MQTT_PASSWORD': None, 'LOG_LEVEL': 'DEBUG', 'LOG_FILENAME': 'NEW.log'}
2023-02-10 15:34:13,404 - zoho_iot_sdk.ZohoIoTClient.ZohoIoTClient - DEBUG - Client is Initialized
2023-02-10 15:34:13,404 - zoho_iot_sdk.ZohoIoTClient.ZohoIoTClient - DEBUG - trying to  connect..
2023-02-10 15:34:13,408 - zoho_iot_sdk.ZohoIoTClient.ZohoIoTClient - DEBUG - Connecting..
2023-02-10 15:34:15,188 - zoho_iot_sdk.ZohoIoTClient.ZohoIoTClient - INFO - Client connected to MQTT Broker! 79937niary.zohoiothub.com
2023-02-10 15:34:15,509 - zoho_iot_sdk.ZohoIoTClient.ZohoIoTClient - DEBUG - Subscribed to topic:/devices/321000000167145/commands
2023-02-10 15:34:15,742 - zoho_iot_sdk.ZohoIoTClient.ZohoIoTClient - DEBUG - Subscribed to topic:/devices/321000000167145/configsettings
2023-02-10 15:34:15,743 - zoho_iot_sdk.ZohoIoTClient.ZohoIoTClient - INFO - Message published successfully
2023-02-10 15:34:15,743 - zoho_iot_sdk.ZohoIoTClient.ZohoIoTClient - DEBUG - Message :{"eventType": "ALARM", "eventDescription": "Critical Temperature", "eventData": {"temperature": 45, "humidity": 20}} , topic :/devices/321000000167145/telemetry
2023-02-10 15:34:38,843 - zoho_iot_sdk.ZohoIoTClient.ZohoIoTClient - INFO - Client disconnected
2023-02-10 18:35:11,434 - zoho_iot_sdk.ZohoIoTClient.ZohoIoTClient - DEBUG - Configuration data:{'ENABLE_TLS': True, 'USE_CLIENT_CERTS': True, 'CA_CRT': 'basicTLS_WithCA/ZohoIoTServerRootCA.pem', 'CLIENT_CRT': 'basicTLS_WithCA/pythonsdk.cert.pem', 'CLIENT_KEY': 'basicTLS_WithCA/pythonsdk.private.key', 'MQTT_USERNAME': '/79937niary.zohoiothub.com/v1/devices/321000000167145/connect', 'MQTT_PASSWORD': None, 'LOG_LEVEL': 'DEBUG', 'LOG_FILENAME': 'NEW.log'}
2023-02-10 18:35:11,434 - zoho_iot_sdk.ZohoIoTClient.ZohoIoTClient - DEBUG - Client is Initialized
2023-02-10 18:35:11,434 - zoho_iot_sdk.ZohoIoTClient.ZohoIoTClient - DEBUG - trying to  connect..
2023-02-10 18:35:11,437 - zoho_iot_sdk.ZohoIoTClient.ZohoIoTClient - DEBUG - Connecting..
2023-02-10 18:35:13,023 - zoho_iot_sdk.ZohoIoTClient.ZohoIoTClient - INFO - Client connected to MQTT Broker! 79937niary.zohoiothub.com
2023-02-10 18:35:13,320 - zoho_iot_sdk.ZohoIoTClient.ZohoIoTClient - DEBUG - Subscribed to topic:/devices/321000000167145/commands
2023-02-10 18:35:13,559 - zoho_iot_sdk.ZohoIoTClient.ZohoIoTClient - DEBUG - Subscribed to topic:/devices/321000000167145/configsettings
2023-02-10 18:35:13,560 - zoho_iot_sdk.ZohoIoTClient.ZohoIoTClient - INFO - Message published successfully
2023-02-10 18:35:13,560 - zoho_iot_sdk.ZohoIoTClient.ZohoIoTClient - DEBUG - Message :{"eventType": "ALARM", "eventDescription": "Critical Temperature", "eventData": {"temperature": 45, "humidity": 20}} , topic :/devices/321000000167145/telemetry
2023-02-10 18:35:43,569 - zoho_iot_sdk.ZohoIoTClient.ZohoIoTClient - INFO - Message published successfully
2023-02-10 18:35:43,571 - zoho_iot_sdk.ZohoIoTClient.ZohoIoTClient - DEBUG - Message :{"eventType": "ALARM", "eventDescription": "Critical Temperature", "eventData": {"temperature": 45, "humidity": 20}} , topic :/devices/321000000167145/telemetry
2023-02-10 18:36:13,575 - zoho_iot_sdk.ZohoIoTClient.ZohoIoTClient - INFO - Message published successfully
2023-02-10 18:36:13,577 - zoho_iot_sdk.ZohoIoTClient.ZohoIoTClient - DEBUG - Message :{"eventType": "ALARM", "eventDescription": "Critical Temperature", "eventData": {"temperature": 45, "humidity": 20}} , topic :/devices/321000000167145/telemetry
